'reserved'
199 199 199   199 199 199 
0 10 0 0 0
~
~
'reserved'
0 0 0 0 0 0 

'flame dart'
1 1 1   2 2 2 
A 8 1 0 2
flaming dart~
~
'reserved'
0 0 0 5 0 0 

'shield from true source'
60 60 60   7 7 7 
AC 10 2 0 8
~
You can touch the True Source again.~
'reserved'
0 0 0 0 0 60 

'gag'
45 45 45   5 5 5 
AC 10 3 0 5
~
You can speak again.~
'reserved'
0 0 40 0 0 0 

'wrap'
45 45 45   5 5 5 
AC 10 4 0 5
~
You can move again.~
'reserved'
0 0 50 0 0 0 

'cut weave'
55 55 55   6 6 6 
0 10 5 0 4
~
~
'reserved'
0 0 0 30 0 25 

'minor healing'
25 25 25   1 1 1 
AC 10 6 0 2
~
~
'reserved'
0 0 10 0 20 15 

'healing'
45 45 45   3 3 3 
AC 10 7 0 3
~
~
'minor healing'
0 0 20 0 40 30 

'major healing'
75 75 75   7 7 7 
AC 10 8 0 5
~
~
'healing'
0 0 30 0 60 45 

'refreshment'
10 10 10   2 2 2 
AC 10 9 0 2
~
~
'reserved'
0 0 0 0 20 35 

'cure blindness'
12 12 12   2 2 2 
AC 10 10 0 3
~
~
'probe'
0 0 0 0 15 20 

'cure poison'
12 12 12   2 2 2 
AC 10 11 0 3
~
~
'probe'
0 0 10 0 10 15 

'cure disease'
15 15 15   2 2 2 
AC 10 12 0 5
~
~
'probe'
0 0 15 0 15 20 

'bone knitting'
17 17 17   2 2 2 
AC 10 13 0 2
~
~
'probe'
0 10 0 0 0 20 

'clot'
10 10 10   2 2 2 
AC 10 14 0 2
~
~
'probe'
0 5 0 5 0 10 

'probe'
5 5 5   1 1 1 
AC 10 15 0 2
~
~
'reserved'
0 0 0 0 0 5 

'stone strike'
8 8 8   2 2 2 
A 8 16 0 3
rock~
~
'reserved'
0 6 0 0 0 0 

'wind mace'
12 12 12   2 2 2 
A 8 17 0 4
club of air~
~
'reserved'
0 0 15 0 0 0 

'flame column'
100 100 100   7 7 7 
A 8 18 0 8
column of fire~
~
'reserved'
0 0 50 80 0 0 

'net of pain'
39 39 39   7 7 7 
A 10 19 0 7
~
The pain in your body ebbs away.~
'reserved'
0 0 0 0 0 39 

'skim'
55 55 55   6 6 6 
AD 10 20 0 5
~
$p snapes out of existence~
'reserved'
0 0 35 0 0 60 

'travel'
75 75 75   7 7 7 
AD 10 21 0 7
~
$p snaps out of existence.~
'reserved'
0 0 50 0 0 75 

'reveal invisible'
25 25 25   3 3 3 
B 10 22 0 2
~
~
'detect invisible'
0 0 20 0 0 0 

'ward room'
40 40 40   3 3 3 
BD 10 23 0 4
~
~
'reserved'
0 0 0 0 0 35 

'ward person'
27 27 27   2 2 2 
B 10 24 0 3
~
~
'reserved'
0 0 0 0 0 27 

'create flame sword'
40 40 40   4 4 4 
0 10 25 0 4
~
$p disappears in a flash of light.~
'reserved'
0 0 0 40 0 0 

'create air sword'
40 40 40   4 4 4 
0 10 26 0 4
~
$p fades away into nothingness.~
'reserved'
0 0 40 0 0 0 

'flame wave'
79 79 79   8 8 8 
0 10 27 0 6
wave of flame~
~
'reserved'
B 0 30 68 0 0 

'earth wave'
58 58 58   6 6 6 
0 10 28 0 5
weave of earth~
~
'reserved'
B 68 0 0 0 0 

'windstorm'
67 67 67   6 6 6 
0 10 29 0 7
terrible wind~
~
'wind push'
B 0 76 0 0 0 

'fireball'
36 36 36   4 4 4 
0 8 30 0 5
fireball~
~
'reserved'
B 0 0 36 0 0 

'air shield'
10 10 10   1 1 1 
B 10 31 0 3
~
The air in front of you seems less solid.~
'reserved'
0 0 10 0 0 0 

'air armor'
35 35 35   4 4 4 
B 10 32 0 5
~
The air around you seems less solid.~
'air shield'
0 0 25 0 0 0 

'wind spear'
30 30 30   2 2 2 
A 8 33 0 4
spear of wind~
~
'reserved'
0 0 30 0 0 0 

'create spring'
11 11 11   2 2 2 
0 10 34 0 3
~
$p stops flowing.~
'create water'
0 10 0 0 15 0 

'create water'
8 8 8   1 1 1 
C 10 35 0 2
~
~
'reserved'
0 0 0 0 10 0 

'lightning bolt'
40 40 40   4 4 4 
A 8 36 0 5
bolt of lightning~
~
'reserved'
0 0 20 20 0 0 

'invisibility'
30 30 30   5 5 5 
B 10 37 0 3
~
You snap back into existence.~
'reserved'
0 0 20 0 0 0 

'mass invisibility'
45 45 45   7 7 7 
0 10 38 0 5
~
~
'invisibility'
B 0 45 0 0 0 

'ice ball'
10 10 10   2 2 2 
A 8 39 0 4
ball of ice~
~
'reserved'
0 0 5 0 5 0 

'sleep'
35 35 35   5 5 5 
B 10 40 0 4
~
You can wake again.~
'reserved'
0 0 0 0 0 40 

'ward object'
20 20 20   5 5 5 
C 10 41 0 3
explosion of fire~
~
'reserved'
0 0 0 20 0 10 

'earthquake'
31 31 31   5 5 5 
0 10 42 0 7
earthquake~
~
'reserved'
B 35 0 0 0 0 

'shape change'
55 55 55   6 6 6 
0 10 43 0 5
~
Your form returns to normal.~
'reserved'
0 0 40 0 35 55 

'wind push'
13 13 13   3 3 3 
B 10 44 0 4
~
~
'reserved'
0 0 20 0 0 0 

'blindness'
20 20 20   3 3 3 
A 8 45 0 4
~
You can see again.~
'reserved'
0 35 0 0 0 0 

'poison'
25 25 25   3 3 3 
A 8 46 0 5
~
The burning in your veins goes away.~
'reserved'
0 20 0 0 15 0 

'disease'
28 28 28   3 3 3 
A 8 47 0 5
~
You don't feel sick anymore.~
'reserved'
0 20 0 15 10 0 

'illusion'
28 28 28   3 3 3 
0 10 48 0 4
~
~
'reserved'
0 0 40 0 0 35 

'ventriloquate'
28 28 28   3 3 3 
0 10 49 0 4
~
~
'reserved'
0 0 45 0 0 0 

'charm'
50 50 50   6 6 6 
B 10 50 0 6
~
You feel more free willed.~
'reserved'
0 0 20 0 0 45 

'lash'
5 5 5   1 1 1 
A 8 51 0 4
whip of air~
~
'reserved'
0 0 6 0 0 0 

'rock shower'
16 16 16   3 3 3 
A 8 52 0 5
shower of rocks~
~
'reserved'
0 13 3 0 0 0 

'air blade'
20 20 20   2 2 2 
A 8 53 0 4
blade of air~
~
'reserved'
0 0 20 0 0 0 

'steam'
26 26 26   4 4 4 
A 8 54 0 6
billow of steam~
~
'reserved'
0 0 10 6 10 0 

'control weather'
44 44 44   9 9 9 
0 10 55 0 3
~
~
'reserved'
0 0 25 0 30 0 

'awareness'
36 36 36   2 2 2 
B 10 56 0 1
~
You're not as aware of your surroundings.~
'reserved'
0 0 20 0 0 16 

'detect invisible'
26 26 26   2 2 2 
B 10 57 0 1
~
The tingling in your eyes goes away.~
'reserved'
0 0 15 0 0 10 

'strengthen'
18 18 18   3 3 3 
B 10 58 0 2
~
You feel weaker.~
'reserved'
0 15 0 0 0 5 

'haste'
45 45 45   4 4 4 
B 10 59 0 1
~
You feel yourself slowing down.~
'reserved'
0 15 30 0 0 25 

'hail storm'
46 46 46   7 7 7 
BD 10 60 0 6
~
The hail stops.~
'reserved'
B 0 20 0 36 0 

'lightning storm'
50 50 50   9 9 9 
BD 10 61 0 8
~
The lightning stops.~
'reserved'
B 0 50 10 0 0 

'slow'
45 45 45   4 4 4 
B 10 62 0 1
~
You feel yourself moving faster.~
'reserved'
0 15 30 0 0 25 

'weaken'
18 18 18   3 3 3 
B 10 63 0 2
~
Your strength returns.~
'reserved'
0 15 0 0 0 5 

'earth shield'
10 10 10   1 1 1 
B 10 64 0 3
~
The shield of earth crumbles away.~
'reserved'
0 10 15 0 0 0 

'frost wave'
70 70 70   8 8 8 
0 10 65 0 6
wave of snow and ice~
~
'reserved'
B 0 30 0 50 0 

'detect ability'
1 1 1   -1 -1 -1 
AC 10 66 0 1
~
~
'reserved'
0 0 0 0 0 45 

'cover channeling'
10 10 10   5 5 5 
AB 10 67 0 3
~
Your channeling ability is no longer hidden.~
'reserved'
0 0 0 0 0 30 

'flame burst'
1 1 1   -1 -1 -1 
A 8 68 0 4
burst of flame~
~
'reserved'
B 0 0 50 0 0 

'light ball'
15 15 15   1 1 1 
0 10 69 0 2
~
$p darkens and snaps out.~
'reserved'
0 0 0 0 0 12 

'light storm'
33 33 33   2 2 2 
0 10 70 0 4
ray of light~
~
'reserved'
B 0 0 0 0 30 

'air hammer'
1 1 1   -1 -1 -1 
B 10 71 0 4
air of hammer~
~
'reserved'
B 0 50 0 0 0 

'frostbite'
1 1 1   -1 -1 -1 
A 8 72 0 4
freezing atmosphere~
~
'reserved'
B 0 0 0 50 0 

'earth rending'
1 1 1   -1 -1 -1 
A 8 73 0 4
rumbling earth~
~
'reserved'
B 50 0 0 0 0 

'cause pain'
34 34 34   2 2 2 
A 8 74 0 3
burning pain~
~
'reserved'
0 0 0 0 0 30 

'delve'
25 25 25   3 3 3 
0 10 75 0 3
~
~
'reserved'
0 40 0 0 0 0 

'wind barrier'
45 45 45   5 5 5 
0 10 76 0 5
~
The winds die down.~
'air shield'
0 0 55 0 0 0 

'earth barrier'
50 50 50   7 7 7 
0 10 77 0 6
~
The piles of earth collapse.~
'earth shield'
0 60 0 0 0 0 

'fire wall'
43 43 43   4 4 4 
0 10 78 0 4
wall of flame~
The flames die down.~
'reserved'
0 0 0 40 0 0 

'ice wall'
40 40 40   4 4 4 
0 10 79 0 4
~
The ice wall melts down to nothing.~
'reserved'
0 0 10 0 30 0 

'balefire'
60 60 60   8 8 8 
A 10 80 0 6
bar of liquid fire~
~
'reserved'
B 60 60 60 60 60 

'confusion'
30 30 30   5 5 5 
B 10 81 0 2
~
You can think clearly again.~
'reserved'
0 0 0 0 0 35 

'sever from true source'
101 101 101   9 9 9 
AC 10 82 0 8
~
~
'reserved'
0 90 90 90 90 90 

'longsword'
1 1 1   3 3 4
0 0 401 DH 0
~
~
'reserved'
EF 0 0 0 0 0

'short sword'
1 1 1   2 3 3
0 0 402 H 0
~
~
'reserved'
EF 0 0 0 0 0

'rapier'
1 1 1   2 2 3
0 0 403 H 0
~
~
'reserved'
EF 0 0 0 0 0

'curved sword'
1 1 1   3 4 4
0 0 404 DH 0
~
~
'reserved'
EF 0 0 0 0 0

'two-handed sword'
1 1 1   4 6 7
0 0 405 AH 0
~
~
'reserved'
EF 0 0 0 0 0

'dagger'
1 1 1   1 1 2
0 0 406 H 0
~
~
'reserved'
EF 0 0 0 0 0

'main gauche'
1 1 1   1 2 2
0 0 407 H 0
~
~
'reserved'
EF 0 0 0 0 0

'knife'
1 1 1   1 1 1
0 0 408 H 0
~
~
'reserved'
EF 0 0 0 0 0

'hand axe'
1 1 1   4 4 5
0 0 409 AD 0
~
~
'reserved'
EF 0 0 0 0 0

'battle axe'
1 1 1   5 7 8
0 0 410 A 0
~
~
'reserved'
EF 0 0 0 0 0

'throwing axe'
1 1 1   3 3 3
0 0 411 DH 0
~
~
'reserved'
EF 0 0 0 0 0

'halberd'
1 1 1   5 8 9
0 0 412 A 0
~
~
'reserved'
EF 0 0 0 0 0

'pike'
1 1 1   5 8 8
0 0 413 A 0
~
~
'reserved'
EF 0 0 0 0 0

'spear'
1 1 1   3 3 3
0 0 414 AH 0
~
~
'reserved'
EF 0 0 0 0 0

'javelin'
1 1 1   2 2 2
0 0 415 AH 0
~
~
'reserved'
EF 0 0 0 0 0

'warhammer'
1 1 1   4 6 6
0 0 416 A 0
~
~
'reserved'
EF 0 0 0 0 0

'club'
1 1 1   1 2 2
0 0 417 AD 0
~
~
'reserved'
EF 0 0 0 0 0

'mace'
1 1 1   1 2 4
0 0 418 A 0
~
~
'reserved'
EF 0 0 0 0 0

'flail'
1 1 1   2 2 3
0 0 419 AD 0
~
~
'reserved'
EF 0 0 0 0 0

'morning star'
1 1 1   2 3 4
0 0 420 AD 0
~
~
'reserved'
EF 0 0 0 0 0

'short bow'
1 1 1   1 2 3
0 0 421 AD 0
~
~
'reserved'
EF 0 0 0 0 0

'long bow'
1 1 1   2 3 4
0 0 422 AD 0
~
~
'reserved'
EF 0 0 0 0 0

'crossbow'
1 1 1   3 4 5
0 0 423 AD 0
~
~
'reserved'
EF 0 0 0 0 0

'staff'
1 1 1   5 5 5
0 0 424 A 0
~
~
'reserved'
EF 0 0 0 0 0

'sling'
1 1 1   1 1 1
0 0 425 D 0
~
~
'reserved'
EF 0 0 0 0 0

'lance'
1 1 1   4 6 8
0 0 426 AD 0
~
~
'reserved'
EF 0 0 0 0 0

'whip'
1 1 1   3 3 3
0 0 427 D 0
~
~
'reserved'
EF 0 0 0 0 0

'shield block'
1 1 1   3 4 4 
0 8 805 DH 0
~
~
'reserved'
0 0 0 0 0 0 

'backstab'
101 7 101   -1 3 -1 
0 10 809 BD 6
backstab~
~
'reserved'
0 0 0 0 0 0 

'bash'
4 101 101   2 -1 -1 
0 8 810 AH 3
bash~
~
'reserved'
AE 0 0 0 0 0 

'berserk'
10 101 101   3 -1 -1 
0 8 811 0 4
~
You feel your pulse slow down.~
'reserved'
A 0 0 0 0 0 

'dirt kicking'
10 10 25   2 2 4 
0 8 812 D 4
kicked dirt~
You rub the dirt out of your eyes.~
'reserved'
E 0 0 0 0 0 

'disarm'
12 28 40   2 3 4 
0 8 813 D 3
~
~
'reserved'
0 0 0 0 0 0 

'enhanced damage'
15 48 60   2 4 5 
0 8 815 0 0
~
~
'reserved'
A 0 0 0 0 0 

'hand to hand'
2 1 4   8 5 6 
0 8 816 ABD 0
~
~
'reserved'
E 0 0 0 0 0 

'kick'
5 9 13   2 3 5 
A 8 817 AD 2
kick~
~
'reserved'
F 0 0 0 0 0 

'parry'
4 7 15   4 4 6 
0 8 818 D 0
~
~
'reserved'
0 0 0 0 0 0 

'rescue'
1 101 101   1 -1 -1 
0 8 819 BD 3
~
~
'reserved'
0 0 0 0 0 0 

'trip'
21 10 30   3 2 4 
0 8 820 D 4
trip~
~
'reserved'
0 0 0 0 0 0 

'set snare'
17 12 30   3 3 5 
0 8 824 BD 5
devious trap~
A trap in the room falls apart.~
'reserved'
0 0 0 0 0 0 

'dual wield'
20 30 45   4 5 5 
0 8 825 AH 0
~
~
'reserved'
A 0 0 0 0 0 

'ambidexterity'
40 25 60   5 4 5 
0 8 826 D 0
~
~
'reserved'
0 0 0 0 0 0 

'weapon proficiency'
10 15 20   4 5 6 
0 8 827 0 0
~
~
'reserved'
A 0 0 0 0 0 

'martial arts'
15 25 40   6 5 7 
0 8 828 AD 0
~
~
'hand to hand'
AE 0 0 0 0 0 

'shield bash'
10 101 101   4 -1 -1 
0 8 829 0 0
shield bash~
~
'bash'
A 0 0 0 0 0 

'channel earth'
1 1 1   -1 -1 -1 
0 8 850 0 0
~
~
'reserved'
D 0 0 0 0 0 

'channel air'
1 1 1   -1 -1 -1 
0 8 851 0 0
~
~
'reserved'
D 0 0 0 0 0 

'channel fire'
1 1 1   -1 -1 -1 
0 8 852 0 0
~
~
'reserved'
D 0 0 0 0 0 

'channel water'
1 1 1   -1 -1 -1 
0 8 853 0 0
~
~
'reserved'
D 0 0 0 0 0 

'channel spirit'
1 1 1   -1 -1 -1 
0 8 854 0 0
~
~
'reserved'
D 0 0 0 0 0 

'tie weave'
1 1 1   -4 -4 -4 
0 10 855 0 4
~
~
'reserved'
D 0 0 0 0 0 

'invert weave'
1 1 1   -4 -4 -4 
0 10 856 0 3
~
~
'reserved'
D 0 0 0 0 0 

'grasping'
1 1 1   -2 -2 -2 
0 10 857 0 3
~
~
'reserved'
D 0 0 0 0 0 

'linking'
1 1 1   -5 -5 -5 
0 10 858 0 3
~
~
'reserved'
D 0 0 0 0 0 

'fast healing'
17 28 31   4 4 5 
B 4 860 E 0
~
~
'reserved'
0 0 0 0 0 0 

'haggle'
30 12 18   6 3 4 
0 6 861 BF 0
~
~
'reserved'
E 0 0 0 0 0 

'hide'
15 8 23   3 2 4 
0 6 862 BH 2
~
~
'reserved'
E 0 0 0 0 0 

'weapon lore'
101 101 25   -1 -1 4 
0 6 863 BC 6
~
~
'reserved'
E 0 0 0 0 0 

'armor lore'
101 101 25   -1 -1 4 
0 6 863 BC 6
~
~
'reserved'
E 0 0 0 0 0 

'herb lore'
101 101 25   -1 -1 4 
0 6 863 BC 6
~
~
'reserved'
E 0 0 0 0 0 

'concentration'
101 101 16   -1 -1 3 
0 4 864 B 0
~
~
'reserved'
E 0 0 0 0 0 

'peek'
15 6 17   5 3 4 
0 10 865 BD 0
~
~
'reserved'
0 0 0 0 0 0 

'pick lock'
20 15 17   6 3 4 
0 10 866 DH 2
~
~
'reserved'
0 0 0 0 0 0 

'sneak'
10 7 12   4 2 5 
0 10 867 ABC 2
~
You no longer feel stealthy.~
'reserved'
E 0 0 0 0 0 

'steal'
16 11 22   5 3 5 
0 10 868 DH 4
~
~
'reserved'
E 0 0 0 0 0 

'gambling'
1 1 1   5 3 4 
0 10 869 BF 0
~
~
'reserved'
0 0 0 0 0 0 

'brewing'
101 101 15   -1 -1 3 
0 10 870 BC 0
~
~
'reserved'
E 0 0 0 0 0 

'appraising'
10 7 10   3 2 3 
0 10 871 B 0
~
~
'reserved'
E 0 0 0 0 0 

'tracking'
17 25 40   3 3 5 
0 10 872 C 2
~
~
'reserved'
E 0 0 0 0 0 

'herb finding'
101 101 10   -1 -1 3 
0 10 873 B 0
~
~
'reserved'
E 0 0 0 0 0 

'swimming'
1 1 1   3 3 3 
0 10 874 AE 0
~
~
'reserved'
0 0 0 0 0 0 

'fishing'
1 1 1   2 2 2 
0 10 875 0 0
~
~
'reserved'
0 0 0 0 0 0 

'disguise'
101 25 101   -1 5 -1 
0 10 876 BF 0
~
~
'reserved'
0 0 0 0 0 0 

'riding'
5 7 7   3 4 4 
0 10 877 0 0
~
~
'reserved'
0 0 0 0 0 0 

'seamanship'
10 10 10   5 5 5 
0 10 878 0 0
~
~
'reserved'
0 0 0 0 0 0 

'teaching'
101 101 30   -1 -1 6 
0 10 879 B 0
~
~
'reserved'
E 0 0 0 0 0 

'medicine'
30 40 15   4 5 3 
0 10 880 0 0
~
~
'reserved'
0 0 0 0 0 0 

'forestry'
10 10 10   3 4 4 
0 10 881 C 0
~
~
'reserved'
E 0 0 0 0 0 

'stalking'
101 45 101   -1 4 -1 
0 10 882 D 0
~
~
'sneak'
E 0 0 0 0 0 

'envenom'
101 17 101   -1 6 -1 
0 10 883 0 0
~
~
'reserved'
0 0 0 0 0 0 

'pilfer'
101 12 101   -1 5 -1 
0 10 884 D 0
~
~
'reserved'
E 0 0 0 0 0 

'old tongue'
20 20 20   6 6 4 
0 10 885 B 0
~
~
'reserved'
E 0 0 0 0 0 

'acrobatics'
20 15 30   3 2 4 
0 8 886 H 0
~
~
'reserved'
0 0 0 0 0 0 

'foraging'
10 12 15   3 3 3 
0 10 887 C 3
~
~
'reserved'
E 0 0 0 0 0 

'mining'
1 1 1   5 5 5 
0 10 888 0 3
~
~
'reserved'
E 0 0 0 0 0 

'carpentry'
1 1 1   5 5 5 
0 10 889 0 3
~
~
'reserved'
E 0 0 0 0 0 

'gemworking'
1 1 1   5 5 5 
0 10 890 0 3
~
~
'reserved'
E 0 0 0 0 0 

'sewing'
1 1 1   5 5 5 
0 10 891 0 3
~
~
'reserved'
E 0 0 0 0 0 

'leatherworking'
1 1 1   5 5 5 
0 10 892 0 3
~
~
'reserved'
E 0 0 0 0 0 

'smithing'
1 1 1   5 5 5 
0 10 893 0 3
~
~
'reserved'
E 0 0 0 0 0 

'repairing'
1 1 1   5 5 5 
0 10 894 0 2
~
~
'reserved'
E 0 0 0 0 0 

'summon wolf'
1 1 1   -1 -1 -1 
0 10 895 0 4
~
~
'reserved'
B 0 0 0 0 0 

'enhanced senses'
1 1 1   -1 -1 -1 
0 10 895 0 4
~
~
'reserved'
B 0 0 0 0 0 

'feint'
1 1 1   -1 -1 -1 
0 10 920 D 0
~
~
'reserved'
BE 0 0 0 0 0 

'forms'
1 1 1   -1 -1 -1 
0 10 921 0 0
~
~
'reserved'
BE 0 0 0 0 0 

'riposte'
1 1 1   -1 -1 -1 
0 10 922 D 0
~
~
'parry'
BE 0 0 0 0 0 

'switch opponent'
1 1 1   -1 -1 -1 
0 8 923 0 0
~
~
'reserved'
BE 0 0 0 0 0 

'heroic rescue'
1 1 1   -1 -1 -1 
F 8 924 0 0
~
~
'rescue'
BE 0 0 0 0 0 

'blindfighting'
1 1 1   -1 -1 -1 
0 10 925 B 0
~
~
'reserved'
BE 0 0 0 0 0 

'detect shadowspawn'
1 1 1   -1 -1 -1 
0 10 950 0 0
~
~
'reserved'
B 0 0 0 0 0 

'detect channeler'
1 1 1   -1 -1 -1 
0 10 951 0 0
~
~
'reserved'
B 0 0 0 0 0 

'teach channeling'
1 1 1   -1 -1 -1 
0 10 952 B 0
~
~
'reserved'
B 0 0 0 0 0 

'flash strike'
1 1 1   -1 -1 -1 
0 10 953 H 0
~
~
'reserved'
B 0 0 0 0 0 

'sweep strike'
1 1 1   -1 -1 -1 
0 10 954 D 0
~
~
'reserved'
B 0 0 0 0 0 

'endurance'
1 1 1   -1 -1 -1 
0 10 955 E 0
~
~
'reserved'
B 0 0 0 0 0 

'identify fauna'
1 1 1   -1 -1 -1 
0 10 956 B 4
~
~
'reserved'
B 0 0 0 0 0 

'complaisance'
1 1 1   -1 -1 -1 
0 10 957 F 3
~
~
'reserved'
B 0 0 0 0 0 

'geography'
1 1 1   -1 -1 -1 
0 10 958 B 3
~
~
'reserved'
B 0 0 0 0 0 

'leashing'
1 1 1   -1 -1 -1 
0 10 959 H 3
~
Your leash is removed.~
'reserved'
B 0 0 0 0 0 

'hardiness'
1 1 1   -1 -1 -1 
0 10 960 E 0
~
~
'reserved'
B 0 0 0 0 0 

'spear dancing'
1 1 1   -1 -1 -1 
0 10 961 D 0
~
~
'reserved'
B 0 0 0 0 0 

'capture'
1 1 1   -1 -1 -1 
0 10 970 D 3
~
Your ropes come undone.~
'reserved'
B 0 0 0 0 0 

'group fighting'
1 1 1   -1 -1 -1 
0 10 970 0 3
~
~
'reserved'
B 0 0 0 0 0 

'long bladed weapons'
1 1 1    1 1 1
0 0 901 D 0
~
~
'reserved'
CF 0 0 0 0 0

'long bladed weapons'
1 1 1    1 1 1
0 0 901 D 0
~
~
'reserved'
CF 0 0 0 0 0

'short bladed weapons'
1 1 1    1 1 1
0 0 902 D 0
~
~
'reserved'
CF 0 0 0 0 0

'axe weapons'
1 1 1    1 1 1
0 0 903 D 0
~
~
'reserved'
CF 0 0 0 0 0

'polearms'
1 1 1    1 1 1
0 0 904 D 0
~
~
'reserved'
CF 0 0 0 0 0

'spears'
1 1 1    1 1 1
0 0 905 D 0
~
~
'reserved'
CF 0 0 0 0 0

'crushing weapons'
1 1 1    1 1 1
0 0 906 D 0
~
~
'reserved'
CF 0 0 0 0 0

'flails'
1 1 1    1 1 1
0 0 907 D 0
~
~
'reserved'
CF 0 0 0 0 0

'bows'
1 1 1    1 1 1
0 0 908 D 0
~
~
'reserved'
CF 0 0 0 0 0

'general lore'
1 1 1    1 1 1
0 0 909 D 0
~
~
'reserved'
C 0 0 0 0 0

'academia'
1 1 1    1 1 1
0 0 910 D 0
~
~
'reserved'
C 0 0 0 0 0

'herbalism'
1 1 1    1 1 1
0 0 911 D 0
~
~
'reserved'
C 0 0 0 0 0

'merchantry'
1 1 1    1 1 1
0 0 912 D 0
~
~
'reserved'
C 0 0 0 0 0

'stealthiness'
1 1 1    1 1 1
0 0 913 D 0
~
~
'reserved'
C 0 0 0 0 0

'forestmaster'
1 1 1    1 1 1
0 0 914 D 0
~
~
'reserved'
C 0 0 0 0 0

'artisanry'
1 1 1    1 1 1
0 0 915 D 0
~
~
'reserved'
C 0 0 0 0 0

'blademastery'
1 1 1    1 1 1
0 0 916 D 0
~
~
'reserved'
C 0 0 0 0 0

'brawling'
1 1 1    1 1 1
0 0 917 D 0
~
~
'reserved'
C 0 0 0 0 0

'stop channeling'
199 199 199   -1 -1 -1 
0 10 1200 0 3
~
~
'reserved'
AB 0 0 0 0 0 

'electrical shock'
199 199 199   -1 -1 -1 
0 10 500 0 3
surge of the One Power~
~
'reserved'
AB 0 0 0 0 0 

'set limb'
199 199 199   -1 -1 -1 
0 10 501 0 3
~
Your limb feels straightened.~
'reserved'
AB 0 0 0 0 0 

'#0'
